[10/10/2019 23:25:20] Error in C:/Workspace/tein-editor/src/error.cpp at line 18: Unhandled exception!
[10/10/2019 23:25:58] Error in C:/Workspace/tein-editor/src/error.cpp at line 18: Unhandled exception!
[10/11/2019 02:22:16] Error in C:/Workspace/tein-editor/src/texture_atlas.cpp at line 141: Failed to pack texture atlas images!
[10/11/2019 02:22:17] Error in C:/Workspace/tein-editor/src/texture_atlas.cpp at line 141: Failed to pack texture atlas images!
[10/11/2019 02:22:18] Error in C:/Workspace/tein-editor/src/texture_atlas.cpp at line 141: Failed to pack texture atlas images!
[10/11/2019 02:37:03] Error in C:/Workspace/tein-editor/src/texture_atlas.cpp at line 141: Failed to pack texture atlas images!
[10/11/2019 02:37:03] Error in C:/Workspace/tein-editor/src/texture_atlas.cpp at line 141: Failed to pack texture atlas images!
[10/11/2019 02:37:06] Error in C:/Workspace/tein-editor/src/texture_atlas.cpp at line 141: Failed to pack texture atlas images!
[10/11/2019 02:50:10] Error in C:/Workspace/tein-editor/src/texture_atlas.cpp at line 144: Failed to pack texture atlas images!
[10/11/2019 02:50:12] Error in C:/Workspace/tein-editor/src/texture_atlas.cpp at line 144: Failed to pack texture atlas images!
[10/13/2019 00:12:30] Error in C:/Workspace/tein-editor/src/texture_atlas.cpp at line 144: Failed to pack texture atlas images!
[10/15/2019 20:36:58] Error in C:/Workspace/tein-editor/src/level.cpp at line 74: Failed to load level file 'C:/Program Files (x86)/Steam/steamapps/common/theendisnigh/tilemaps/lastsaved.lvl'!
[10/15/2019 21:46:15] Error in C:/Workspace/tein-editor/src/level.cpp at line 74: Failed to load level file 'W:/tein-editor/dev/test-levels/test/extension_different.lvl'!
[10/16/2019 00:26:45] Error in C:/Workspace/tein-editor/src/error.cpp at line 18: Unhandled exception!
[10/16/2019 00:27:50] Error in C:/Workspace/tein-editor/src/error.cpp at line 18: Unhandled exception!
[10/16/2019 00:27:57] Error in C:/Workspace/tein-editor/src/error.cpp at line 18: Unhandled exception!
[10/19/2019 07:11:01] Error in W:/tein-editor/src/utility.cpp at line 826: Failed to launch The End is Nigh executable!
[10/19/2019 07:11:24] Error in W:/tein-editor/src/utility.cpp at line 826: Failed to launch The End is Nigh executable!
[10/19/2019 07:12:25] Error in W:/tein-editor/src/utility.cpp at line 826: Failed to launch The End is Nigh executable!
[10/19/2019 07:13:01] Error in W:/tein-editor/src/utility.cpp at line 826: Failed to launch The End is Nigh executable!
[10/19/2019 11:00:41] Error in W:/tein-editor/src/utility.cpp at line 826: Failed to launch The End is Nigh executable!
